<?xml version="1.0" encoding="UTF-8"?>
<testng-results ignored="0" total="1" passed="1" failed="0" skipped="0">
  <reporter-output>
  </reporter-output>
  <suite started-at="2025-08-30T23:01:41 IST" name="Default suite" finished-at="2025-08-30T23:01:45 IST" duration-ms="4023">
    <groups>
    </groups>
    <test started-at="2025-08-30T23:01:41 IST" name="Default test" finished-at="2025-08-30T23:01:45 IST" duration-ms="4023">
      <class name="com.packt.tests.AssertDemo">
        <test-method signature="assertDemo()[pri:0, instance:com.packt.tests.AssertDemo@247bddad]" started-at="2025-08-30T23:01:41 IST" name="assertDemo" finished-at="2025-08-30T23:01:45 IST" duration-ms="3981" status="PASS">
          <reporter-output>
          </reporter-output>
        </test-method> <!-- assertDemo -->
      </class> <!-- com.packt.tests.AssertDemo -->
    </test> <!-- Default test -->
  </suite> <!-- Default suite -->
</testng-results>
